<?xml version="1.0" encoding="UTF-8"?>
<TestRun id="4d6aec8c-fc1f-4abd-9d71-886c108dbb5b" name="Marius.Bodea@CJ03 2017-04-25 11:17:53" runUser="QUBIZ\Marius.Bodea" xmlns="http://microsoft.com/schemas/VisualStudio/TeamTest/2010">
  <TestSettings name="Default Test Settings" id="98d433d6-44b1-469d-8a3c-deec225167a8">
    <Execution>
      <TestTypeSpecific />
      <AgentRule name="Execution Agents">
      </AgentRule>
    </Execution>
    <Deployment runDeploymentRoot="Marius.Bodea_CJ03 2017-04-25 11_17_53" />
    <Properties />
  </TestSettings>
  <Times creation="2017-04-25T11:17:53.1926872+03:00" queuing="2017-04-25T11:17:53.4928882+03:00" start="2017-04-25T11:17:53.5679426+03:00" finish="2017-04-25T11:17:54.0381015+03:00" />
  <ResultSummary outcome="Failed">
    <Counters total="2" executed="2" error="0" failed="2" timeout="0" aborted="0" inconclusive="0" passedButRunAborted="0" notRunnable="0" notExecuted="0" disconnected="0" warning="0" passed="0" completed="0" inProgress="0" pending="0" />
  </ResultSummary>
  <TestDefinitions>
    <UnitTest name="GoogleTest" storage="uitests\bin\debug\uitests.dll" id="59e5f7c9-f60c-57bc-c0a5-e7a0b67d801f">
      <Execution id="e4c3a3cb-37a3-4bb0-9d7e-18e40bd63d54" />
      <TestMethod codeBase="C:/Users/marius.bodea/Documents/Visual Studio 2017/Projects/HelloWorld/UITests/bin/Debug/UITests.DLL" adapterTypeName="Microsoft.VisualStudio.TestTools.TestTypes.Unit.UnitTestAdapter, Microsoft.VisualStudio.QualityTools.Tips.UnitTest.Adapter, Version=15.0.0.0, Culture=neutral, PublicKeyToken=b03f5f7f11d50a3a" className="UITests.Tests.GoogleTests, UITests, Version=1.0.0.0, Culture=neutral, PublicKeyToken=null" name="GoogleTest" />
    </UnitTest>
    <UnitTest name="Foo" storage="uitests\bin\debug\uitests.dll" id="fe85619f-7254-9c9a-8ec0-d92babd89793">
      <Execution id="0c8251b2-9b93-420d-a3a2-09a76f537b08" />
      <TestMethod codeBase="C:/Users/marius.bodea/Documents/Visual Studio 2017/Projects/HelloWorld/UITests/bin/Debug/UITests.DLL" adapterTypeName="Microsoft.VisualStudio.TestTools.TestTypes.Unit.UnitTestAdapter, Microsoft.VisualStudio.QualityTools.Tips.UnitTest.Adapter, Version=15.0.0.0, Culture=neutral, PublicKeyToken=b03f5f7f11d50a3a" className="UITests.Tests.GoogleTests, UITests, Version=1.0.0.0, Culture=neutral, PublicKeyToken=null" name="Foo" />
    </UnitTest>
  </TestDefinitions>
  <TestLists>
    <TestList name="Results Not in a List" id="8c84fa94-04c1-424b-9868-57a2d4851a1d" />
    <TestList name="All Loaded Results" id="19431567-8539-422a-85d7-44ee4e166bda" />
  </TestLists>
  <TestEntries>
    <TestEntry testId="fe85619f-7254-9c9a-8ec0-d92babd89793" executionId="0c8251b2-9b93-420d-a3a2-09a76f537b08" testListId="8c84fa94-04c1-424b-9868-57a2d4851a1d" />
    <TestEntry testId="59e5f7c9-f60c-57bc-c0a5-e7a0b67d801f" executionId="e4c3a3cb-37a3-4bb0-9d7e-18e40bd63d54" testListId="8c84fa94-04c1-424b-9868-57a2d4851a1d" />
  </TestEntries>
  <Results>
    <UnitTestResult executionId="0c8251b2-9b93-420d-a3a2-09a76f537b08" testId="fe85619f-7254-9c9a-8ec0-d92babd89793" testName="Foo" computerName="CJ03" duration="00:00:00.0677542" startTime="2017-04-25T11:17:53.6109710+03:00" endTime="2017-04-25T11:17:53.9920707+03:00" testType="13cdc9d9-ddb5-4fa4-a97d-d965ccfc6d4b" outcome="Failed" testListId="8c84fa94-04c1-424b-9868-57a2d4851a1d" relativeResultsDirectory="0c8251b2-9b93-420d-a3a2-09a76f537b08">
      <Output>
        <StdOut>C:\Users\marius.bodea\Documents\Visual Studio 2017\Projects\HelloWorld\TestResults\Marius.Bodea_CJ03 2017-04-25 11_17_53\Out\Drivers\</StdOut>
        <ErrorInfo>
          <Message>Initialization method UITests.Tests.GoogleTests.BrowserInitialization threw exception. OpenQA.Selenium.DriverServiceNotFoundException: OpenQA.Selenium.DriverServiceNotFoundException: The file C:\Users\marius.bodea\Documents\Visual Studio 2017\Projects\HelloWorld\TestResults\Marius.Bodea_CJ03 2017-04-25 11_17_53\Out\chromedriver.exe does not exist. The driver can be downloaded at http://chromedriver.storage.googleapis.com/index.html.</Message>
          <StackTrace>    at OpenQA.Selenium.DriverService..ctor(String servicePath, Int32 port, String driverServiceExecutableName, Uri driverServiceDownloadUrl)
   at OpenQA.Selenium.Chrome.ChromeDriverService..ctor(String executablePath, String executableFileName, Int32 port)
   at OpenQA.Selenium.Chrome.ChromeDriver..ctor(String chromeDriverDirectory, ChromeOptions options)
   at UITests.Tests.BaseTest.BrowserInitialization() in C:\Users\marius.bodea\Documents\Visual Studio 2017\Projects\HelloWorld\UITests\Tests\BaseTest.cs:line 30
</StackTrace>
        </ErrorInfo>
      </Output>
    </UnitTestResult>
    <UnitTestResult executionId="e4c3a3cb-37a3-4bb0-9d7e-18e40bd63d54" testId="59e5f7c9-f60c-57bc-c0a5-e7a0b67d801f" testName="GoogleTest" computerName="CJ03" duration="00:00:00.0025828" startTime="2017-04-25T11:17:53.9960737+03:00" endTime="2017-04-25T11:17:54.0010770+03:00" testType="13cdc9d9-ddb5-4fa4-a97d-d965ccfc6d4b" outcome="Failed" testListId="8c84fa94-04c1-424b-9868-57a2d4851a1d" relativeResultsDirectory="e4c3a3cb-37a3-4bb0-9d7e-18e40bd63d54">
      <Output>
        <StdOut>C:\Users\marius.bodea\Documents\Visual Studio 2017\Projects\HelloWorld\TestResults\Marius.Bodea_CJ03 2017-04-25 11_17_53\Out\Drivers\</StdOut>
        <ErrorInfo>
          <Message>Initialization method UITests.Tests.GoogleTests.BrowserInitialization threw exception. OpenQA.Selenium.DriverServiceNotFoundException: OpenQA.Selenium.DriverServiceNotFoundException: The file C:\Users\marius.bodea\Documents\Visual Studio 2017\Projects\HelloWorld\TestResults\Marius.Bodea_CJ03 2017-04-25 11_17_53\Out\chromedriver.exe does not exist. The driver can be downloaded at http://chromedriver.storage.googleapis.com/index.html.</Message>
          <StackTrace>    at OpenQA.Selenium.DriverService..ctor(String servicePath, Int32 port, String driverServiceExecutableName, Uri driverServiceDownloadUrl)
   at OpenQA.Selenium.Chrome.ChromeDriverService..ctor(String executablePath, String executableFileName, Int32 port)
   at OpenQA.Selenium.Chrome.ChromeDriver..ctor(String chromeDriverDirectory, ChromeOptions options)
   at UITests.Tests.BaseTest.BrowserInitialization() in C:\Users\marius.bodea\Documents\Visual Studio 2017\Projects\HelloWorld\UITests\Tests\BaseTest.cs:line 30
</StackTrace>
        </ErrorInfo>
      </Output>
    </UnitTestResult>
  </Results>
</TestRun>